<?xml version="1.0" encoding="UTF-8"?>
<robot generator="Robot 7.0 (Python 3.12.1 on win32)" generated="2024-01-26T15:00:01.347627" rpa="false" schemaversion="5">
<suite id="s1" name="Tests" source="c:\Users\BigON\Documents\PROJECTS\RobotFramework\ROBOT_DATA_STRUCTURE\tests\3r_zakaz_screenshots\tests.robot">
<test id="s1-t1" name="Disable screenshots in tests" line="9">
<kw name="Log To Console" owner="BuiltIn" type="SETUP">
<arg>...Test staring...</arg>
<doc>Logs the given message to the console.</doc>
<status status="PASS" start="2024-01-26T15:00:01.655603" elapsed="0.000997"/>
</kw>
<kw name="Log To Console" owner="BuiltIn">
<arg>${txt}</arg>
<doc>Logs the given message to the console.</doc>
<status status="PASS" start="2024-01-26T15:00:01.658596" elapsed="0.001998"/>
</kw>
<doc>disabling screenshots in tests.</doc>
<status status="PASS" start="2024-01-26T15:00:01.653602" elapsed="0.007990"/>
</test>
<kw name="Run Keyword If Test Failed" owner="BuiltIn" type="TEARDOWN">
<msg time="2024-01-26T15:00:01.666592" level="FAIL">Keyword 'Run Keyword If Test Failed' can only be used in test teardown.</msg>
<arg>Set Screenshot Directory</arg>
<arg>${NONE}</arg>
<doc>Runs the given keyword with the given arguments, if the test failed.</doc>
<status status="FAIL" start="2024-01-26T15:00:01.666592" elapsed="0.016983">Keyword 'Run Keyword If Test Failed' can only be used in test teardown.</status>
</kw>
<doc>Disabled screenshot in the tests</doc>
<status status="FAIL" start="2024-01-26T15:00:01.360614" elapsed="0.323957">Suite teardown failed:
Keyword 'Run Keyword If Test Failed' can only be used in test teardown.</status>
</suite>
<statistics>
<total>
<stat pass="0" fail="1" skip="0">All Tests</stat>
</total>
<tag>
</tag>
<suite>
<stat pass="0" fail="1" skip="0" id="s1" name="Tests">Tests</stat>
</suite>
</statistics>
<errors>
</errors>
</robot>
