<?xml version="1.0" encoding="UTF-8"?>
<robot generator="Robot 7.0 (Python 3.12.1 on win32)" generated="2024-01-24T18:35:35.546609" rpa="false" schemaversion="5">
<suite id="s1" name="Test" source="C:\Users\BigON\Documents\PROJECTS\RobotFramework\New_Tests\test.robot">
<test id="s1-t1" name="Test names" line="11">
<kw name="Log To Console" owner="BuiltIn" type="SETUP">
<arg>...Test Start...</arg>
<doc>Logs the given message to the console.</doc>
<status status="PASS" start="2024-01-24T18:35:36.088107" elapsed="0.000000"/>
</kw>
<kw name="Test name" owner="keywords">
<kw name="Log To Console" owner="BuiltIn">
<arg>${name}</arg>
<doc>Logs the given message to the console.</doc>
<status status="PASS" start="2024-01-24T18:35:36.089107" elapsed="0.000998"/>
</kw>
<doc>Test for variable name{name}</doc>
<status status="PASS" start="2024-01-24T18:35:36.089107" elapsed="0.000998"/>
</kw>
<kw name="Sleep" owner="BuiltIn">
<msg time="2024-01-24T18:35:38.091297" level="INFO">Slept 2 seconds.</msg>
<arg>2s</arg>
<doc>Pauses the test executed for the given time.</doc>
<status status="PASS" start="2024-01-24T18:35:36.091106" elapsed="2.000191"/>
</kw>
<kw name="Test surname" owner="keywords">
<kw name="Log To Console" owner="BuiltIn">
<arg>${surname}</arg>
<doc>Logs the given message to the console.</doc>
<status status="PASS" start="2024-01-24T18:35:38.092294" elapsed="0.000998"/>
</kw>
<doc>Test for variable surname{surname}</doc>
<status status="PASS" start="2024-01-24T18:35:38.092294" elapsed="0.000998"/>
</kw>
<kw name="Sleep" owner="BuiltIn">
<msg time="2024-01-24T18:35:40.094507" level="INFO">Slept 2 seconds.</msg>
<arg>2s</arg>
<doc>Pauses the test executed for the given time.</doc>
<status status="PASS" start="2024-01-24T18:35:38.094295" elapsed="2.000212"/>
</kw>
<kw name="Test email" owner="keywords">
<kw name="Log To Console" owner="BuiltIn">
<arg>${email}</arg>
<doc>Logs the given message to the console.</doc>
<status status="PASS" start="2024-01-24T18:35:40.095514" elapsed="0.001008"/>
</kw>
<doc>Test for variable email{email}</doc>
<status status="PASS" start="2024-01-24T18:35:40.095514" elapsed="0.001008"/>
</kw>
<kw name="Sleep" owner="BuiltIn">
<msg time="2024-01-24T18:35:42.097952" level="INFO">Slept 2 seconds.</msg>
<arg>2s</arg>
<doc>Pauses the test executed for the given time.</doc>
<status status="PASS" start="2024-01-24T18:35:40.097508" elapsed="2.000444"/>
</kw>
<kw name="Test Phone Number" owner="keywords">
<kw name="Log To Console" owner="BuiltIn">
<arg>${phone_number}</arg>
<doc>Logs the given message to the console.</doc>
<status status="PASS" start="2024-01-24T18:35:42.098633" elapsed="0.001396"/>
</kw>
<doc>Test for variable phone_number{phone_number}</doc>
<status status="PASS" start="2024-01-24T18:35:42.098633" elapsed="0.001396"/>
</kw>
<kw name="Sleep" owner="BuiltIn">
<msg time="2024-01-24T18:35:44.101093" level="INFO">Slept 2 seconds.</msg>
<arg>2s</arg>
<doc>Pauses the test executed for the given time.</doc>
<status status="PASS" start="2024-01-24T18:35:42.100872" elapsed="2.000221"/>
</kw>
<kw name="Test Movies List" owner="keywords">
<for flavor="IN">
<iter>
<kw name="Log To Console" owner="BuiltIn">
<arg>${movie}</arg>
<doc>Logs the given message to the console.</doc>
<status status="PASS" start="2024-01-24T18:35:44.103098" elapsed="0.000000"/>
</kw>
<var name="${movie}">Thor</var>
<status status="PASS" start="2024-01-24T18:35:44.103098" elapsed="0.000999"/>
</iter>
<iter>
<kw name="Log To Console" owner="BuiltIn">
<arg>${movie}</arg>
<doc>Logs the given message to the console.</doc>
<status status="PASS" start="2024-01-24T18:35:44.104097" elapsed="0.000925"/>
</kw>
<var name="${movie}">Volwerin</var>
<status status="PASS" start="2024-01-24T18:35:44.104097" elapsed="0.000925"/>
</iter>
<iter>
<kw name="Log To Console" owner="BuiltIn">
<arg>${movie}</arg>
<doc>Logs the given message to the console.</doc>
<status status="PASS" start="2024-01-24T18:35:44.105022" elapsed="0.001004"/>
</kw>
<var name="${movie}">Deep</var>
<status status="PASS" start="2024-01-24T18:35:44.105022" elapsed="0.001004"/>
</iter>
<var>${movie}</var>
<value>@{MOVIES}</value>
<status status="PASS" start="2024-01-24T18:35:44.102099" elapsed="0.003927"/>
</for>
<kw name="Log To Console" owner="BuiltIn">
<arg>@{MOVIES}</arg>
<doc>Logs the given message to the console.</doc>
<status status="PASS" start="2024-01-24T18:35:44.106026" elapsed="0.001004"/>
</kw>
<kw name="Log To Console" owner="BuiltIn">
<arg>message=\n ----------------------------</arg>
<doc>Logs the given message to the console.</doc>
<status status="PASS" start="2024-01-24T18:35:44.107030" elapsed="0.001992"/>
</kw>
<doc>Test for variable Movies list['Thor', 'Volwerin', 'Deep']</doc>
<status status="PASS" start="2024-01-24T18:35:44.102099" elapsed="0.006923"/>
</kw>
<kw name="Sleep" owner="BuiltIn">
<msg time="2024-01-24T18:35:46.110312" level="INFO">Slept 2 seconds.</msg>
<arg>2s</arg>
<doc>Pauses the test executed for the given time.</doc>
<status status="PASS" start="2024-01-24T18:35:44.109022" elapsed="2.001290"/>
</kw>
<kw name="Test User Data" owner="keywords">
<kw name="Log To Console" owner="BuiltIn">
<arg>\nDict:&amp;{user}</arg>
<doc>Logs the given message to the console.</doc>
<status status="PASS" start="2024-01-24T18:35:46.111994" elapsed="0.000574"/>
</kw>
<doc>Test for variable Movies list{'name': 'Michal', 'surname': 'Jedinak', 'email': 'misko.jedinak@gmail.com', 'phone_number': '0940705073', 'movie': ['Thor', 'Volwerin', 'Deep']}</doc>
<status status="PASS" start="2024-01-24T18:35:46.110988" elapsed="0.001580"/>
</kw>
<kw name="Log To Console" owner="BuiltIn" type="TEARDOWN">
<arg>....Test End...</arg>
<doc>Logs the given message to the console.</doc>
<status status="PASS" start="2024-01-24T18:35:46.113673" elapsed="0.000656"/>
</kw>
<doc>Testing User info</doc>
<status status="PASS" start="2024-01-24T18:35:36.086110" elapsed="10.028759"/>
</test>
<doc>New Test Example</doc>
<status status="PASS" start="2024-01-24T18:35:35.549607" elapsed="10.567230"/>
</suite>
<statistics>
<total>
<stat pass="1" fail="0" skip="0">All Tests</stat>
</total>
<tag>
</tag>
<suite>
<stat pass="1" fail="0" skip="0" id="s1" name="Test">Test</stat>
</suite>
</statistics>
<errors>
</errors>
</robot>
